<?xml version="1.0" encoding="UTF-8"?>
<testsuite xmlns:xsi="http://www.w3.org/2001/XMLSchema-instance" xsi:noNamespaceSchemaLocation="https://maven.apache.org/surefire/maven-failsafe-plugin/xsd/failsafe-test-report.xsd" name="com.algaworks.algafood.CadastroCozinhaIT" time="66.511" tests="5" errors="0" skipped="0" failures="1">
  <properties>
[...]
</properties>
  <testcase name="deveRetornarQuantidadeCorretaDeCozinhas_QuandoConsultarCozinhas" classname="com.algaworks.algafood.CadastroCozinhaIT" time="6.287">
    <failure message="1 expectation failed.&#10;JSON path  doesn&apos;t match.&#10;Expected: a collection with size &lt;2&gt;&#10;  Actual: {_embedded={cozinhas=[{_links={cozinhas={href=http://localhost:55230/cozinhas}, self={href=http://localhost:55230/cozinhas/1}}, nome=Tailandesa, id=1}, {_links={cozinhas={href=http://localhost:55230/cozinhas}, self={href=http://localhost:55230/cozinhas/2}}, nome=Americana, id=2}]}, _links={self={href=http://localhost:55230/cozinhas?page=0&amp;size=10}}, page={number=0, size=10, totalPages=1, totalElements=2}}&#10;" type="java.lang.AssertionError"><![CDATA[java.lang.AssertionError: 
1 expectation failed.
JSON path  doesn't match.
Expected: a collection with size <2>
  Actual: {_embedded={cozinhas=[{_links={cozinhas={href=http://localhost:55230/cozinhas}, self={href=http://localhost:55230/cozinhas/1}}, nome=Tailandesa, id=1}, {_links={cozinhas={href=http://localhost:55230/cozinhas}, self={href=http://localhost:55230/cozinhas/2}}, nome=Americana, id=2}]}, _links={self={href=http://localhost:55230/cozinhas?page=0&size=10}}, page={number=0, size=10, totalPages=1, totalElements=2}}

	at com.algaworks.algafood.CadastroCozinhaIT.deveRetornarQuantidadeCorretaDeCozinhas_QuandoConsultarCozinhas(CadastroCozinhaIT.java:72)
]]></failure>
    <system-out><![CDATA[00:19:00.018 [main] DEBUG org.springframework.test.context.junit4.SpringJUnit4ClassRunner - SpringJUnit4ClassRunner constructor called with [class com.algaworks.algafood.CadastroCozinhaIT]
00:19:00.050 [main] DEBUG org.springframework.test.context.BootstrapUtils - Instantiating CacheAwareContextLoaderDelegate from class [org.springframework.test.context.cache.DefaultCacheAwareContextLoaderDelegate]
00:19:00.102 [main] DEBUG org.springframework.test.context.BootstrapUtils - Instantiating BootstrapContext using constructor [public org.springframework.test.context.support.DefaultBootstrapContext(java.lang.Class,org.springframework.test.context.CacheAwareContextLoaderDelegate)]
00:19:00.230 [main] DEBUG org.springframework.test.context.BootstrapUtils - Instantiating TestContextBootstrapper for test class [com.algaworks.algafood.CadastroCozinhaIT] from class [org.springframework.boot.test.context.SpringBootTestContextBootstrapper]
00:19:00.292 [main] INFO org.springframework.boot.test.context.SpringBootTestContextBootstrapper - Neither @ContextConfiguration nor @ContextHierarchy found for test class [com.algaworks.algafood.CadastroCozinhaIT], using SpringBootContextLoader
00:19:00.324 [main] DEBUG org.springframework.test.context.support.AbstractContextLoader - Did not detect default resource location for test class [com.algaworks.algafood.CadastroCozinhaIT]: class path resource [com/algaworks/algafood/CadastroCozinhaIT-context.xml] does not exist
00:19:00.324 [main] DEBUG org.springframework.test.context.support.AbstractContextLoader - Did not detect default resource location for test class [com.algaworks.algafood.CadastroCozinhaIT]: class path resource [com/algaworks/algafood/CadastroCozinhaITContext.groovy] does not exist
00:19:00.324 [main] INFO org.springframework.test.context.support.AbstractContextLoader - Could not detect default resource locations for test class [com.algaworks.algafood.CadastroCozinhaIT]: no resource found for suffixes {-context.xml, Context.groovy}.
00:19:00.324 [main] INFO org.springframework.test.context.support.AnnotationConfigContextLoaderUtils - Could not detect default configuration classes for test class [com.algaworks.algafood.CadastroCozinhaIT]: CadastroCozinhaIT does not declare any static, non-private, non-final, nested classes annotated with @Configuration.
00:19:00.552 [main] DEBUG org.springframework.test.context.support.ActiveProfilesUtils - Could not find an 'annotation declaring class' for annotation type [org.springframework.test.context.ActiveProfiles] and class [com.algaworks.algafood.CadastroCozinhaIT]
00:19:00.823 [main] DEBUG org.springframework.context.annotation.ClassPathScanningCandidateComponentProvider - Identified candidate component class: file [C:\Users\rafae\IdeaProjects\algafood\target\classes\com\algaworks\algafood\AlgafoodApiApplication.class]
00:19:00.826 [main] INFO org.springframework.boot.test.context.SpringBootTestContextBootstrapper - Found @SpringBootConfiguration com.algaworks.algafood.AlgafoodApiApplication for test class com.algaworks.algafood.CadastroCozinhaIT
00:19:01.570 [main] DEBUG org.springframework.boot.test.context.SpringBootTestContextBootstrapper - @TestExecutionListeners is not present for class [com.algaworks.algafood.CadastroCozinhaIT]: using defaults.
00:19:01.586 [main] INFO org.springframework.boot.test.context.SpringBootTestContextBootstrapper - Loaded default TestExecutionListener class names from location [META-INF/spring.factories]: [org.springframework.boot.test.mock.mockito.MockitoTestExecutionListener, org.springframework.boot.test.mock.mockito.ResetMocksTestExecutionListener, org.springframework.boot.test.autoconfigure.restdocs.RestDocsTestExecutionListener, org.springframework.boot.test.autoconfigure.web.client.MockRestServiceServerResetTestExecutionListener, org.springframework.boot.test.autoconfigure.web.servlet.MockMvcPrintOnlyOnFailureTestExecutionListener, org.springframework.boot.test.autoconfigure.web.servlet.WebDriverTestExecutionListener, org.springframework.test.context.web.ServletTestExecutionListener, org.springframework.test.context.support.DirtiesContextBeforeModesTestExecutionListener, org.springframework.test.context.support.DependencyInjectionTestExecutionListener, org.springframework.test.context.support.DirtiesContextTestExecutionListener, org.springframework.test.context.transaction.TransactionalTestExecutionListener, org.springframework.test.context.jdbc.SqlScriptsTestExecutionListener, org.springframework.test.context.event.EventPublishingTestExecutionListener]
00:19:01.638 [main] INFO org.springframework.boot.test.context.SpringBootTestContextBootstrapper - Using TestExecutionListeners: [org.springframework.test.context.web.ServletTestExecutionListener@181e731e, org.springframework.test.context.support.DirtiesContextBeforeModesTestExecutionListener@35645047, org.springframework.boot.test.mock.mockito.MockitoTestExecutionListener@6f44a157, org.springframework.boot.test.autoconfigure.SpringBootDependencyInjectionTestExecutionListener@6bc407fd, org.springframework.test.context.support.DirtiesContextTestExecutionListener@291f18, org.springframework.test.context.transaction.TransactionalTestExecutionListener@17d88132, org.springframework.test.context.jdbc.SqlScriptsTestExecutionListener@5ddcc487, org.springframework.test.context.event.EventPublishingTestExecutionListener@16eccb2e, org.springframework.boot.test.mock.mockito.ResetMocksTestExecutionListener@5ef5c734, org.springframework.boot.test.autoconfigure.restdocs.RestDocsTestExecutionListener@d771cc9, org.springframework.boot.test.autoconfigure.web.client.MockRestServiceServerResetTestExecutionListener@36b4091c, org.springframework.boot.test.autoconfigure.web.servlet.MockMvcPrintOnlyOnFailureTestExecutionListener@4671115f, org.springframework.boot.test.autoconfigure.web.servlet.WebDriverTestExecutionListener@36cda2c2]
00:19:01.667 [main] DEBUG org.springframework.test.annotation.ProfileValueUtils - Retrieved @ProfileValueSourceConfiguration [null] for test class [com.algaworks.algafood.CadastroCozinhaIT]
00:19:01.667 [main] DEBUG org.springframework.test.annotation.ProfileValueUtils - Retrieved ProfileValueSource type [class org.springframework.test.annotation.SystemProfileValueSource] for class [com.algaworks.algafood.CadastroCozinhaIT]
00:19:01.791 [main] DEBUG org.springframework.test.context.junit4.SpringJUnit4ClassRunner - SpringJUnit4ClassRunner constructor called with [class com.algaworks.algafood.CadastroRestauranteIT]
00:19:01.791 [main] DEBUG org.springframework.test.context.BootstrapUtils - Instantiating CacheAwareContextLoaderDelegate from class [org.springframework.test.context.cache.DefaultCacheAwareContextLoaderDelegate]
00:19:01.791 [main] DEBUG org.springframework.test.context.BootstrapUtils - Instantiating BootstrapContext using constructor [public org.springframework.test.context.support.DefaultBootstrapContext(java.lang.Class,org.springframework.test.context.CacheAwareContextLoaderDelegate)]
00:19:01.791 [main] DEBUG org.springframework.test.context.BootstrapUtils - Instantiating TestContextBootstrapper for test class [com.algaworks.algafood.CadastroRestauranteIT] from class [org.springframework.boot.test.context.SpringBootTestContextBootstrapper]
00:19:01.791 [main] INFO org.springframework.boot.test.context.SpringBootTestContextBootstrapper - Neither @ContextConfiguration nor @ContextHierarchy found for test class [com.algaworks.algafood.CadastroRestauranteIT], using SpringBootContextLoader
00:19:01.791 [main] DEBUG org.springframework.test.context.support.AbstractContextLoader - Did not detect default resource location for test class [com.algaworks.algafood.CadastroRestauranteIT]: class path resource [com/algaworks/algafood/CadastroRestauranteIT-context.xml] does not exist
00:19:01.791 [main] DEBUG org.springframework.test.context.support.AbstractContextLoader - Did not detect default resource location for test class [com.algaworks.algafood.CadastroRestauranteIT]: class path resource [com/algaworks/algafood/CadastroRestauranteITContext.groovy] does not exist
00:19:01.791 [main] INFO org.springframework.test.context.support.AbstractContextLoader - Could not detect default resource locations for test class [com.algaworks.algafood.CadastroRestauranteIT]: no resource found for suffixes {-context.xml, Context.groovy}.
00:19:01.791 [main] INFO org.springframework.test.context.support.AnnotationConfigContextLoaderUtils - Could not detect default configuration classes for test class [com.algaworks.algafood.CadastroRestauranteIT]: CadastroRestauranteIT does not declare any static, non-private, non-final, nested classes annotated with @Configuration.
00:19:01.806 [main] DEBUG org.springframework.test.context.support.ActiveProfilesUtils - Could not find an 'annotation declaring class' for annotation type [org.springframework.test.context.ActiveProfiles] and class [com.algaworks.algafood.CadastroRestauranteIT]
00:19:01.806 [main] INFO org.springframework.boot.test.context.SpringBootTestContextBootstrapper - Found @SpringBootConfiguration com.algaworks.algafood.AlgafoodApiApplication for test class com.algaworks.algafood.CadastroRestauranteIT
00:19:01.806 [main] DEBUG org.springframework.boot.test.context.SpringBootTestContextBootstrapper - @TestExecutionListeners is not present for class [com.algaworks.algafood.CadastroRestauranteIT]: using defaults.
00:19:01.806 [main] INFO org.springframework.boot.test.context.SpringBootTestContextBootstrapper - Loaded default TestExecutionListener class names from location [META-INF/spring.factories]: [org.springframework.boot.test.mock.mockito.MockitoTestExecutionListener, org.springframework.boot.test.mock.mockito.ResetMocksTestExecutionListener, org.springframework.boot.test.autoconfigure.restdocs.RestDocsTestExecutionListener, org.springframework.boot.test.autoconfigure.web.client.MockRestServiceServerResetTestExecutionListener, org.springframework.boot.test.autoconfigure.web.servlet.MockMvcPrintOnlyOnFailureTestExecutionListener, org.springframework.boot.test.autoconfigure.web.servlet.WebDriverTestExecutionListener, org.springframework.test.context.web.ServletTestExecutionListener, org.springframework.test.context.support.DirtiesContextBeforeModesTestExecutionListener, org.springframework.test.context.support.DependencyInjectionTestExecutionListener, org.springframework.test.context.support.DirtiesContextTestExecutionListener, org.springframework.test.context.transaction.TransactionalTestExecutionListener, org.springframework.test.context.jdbc.SqlScriptsTestExecutionListener, org.springframework.test.context.event.EventPublishingTestExecutionListener]
00:19:01.806 [main] INFO org.springframework.boot.test.context.SpringBootTestContextBootstrapper - Using TestExecutionListeners: [org.springframework.test.context.web.ServletTestExecutionListener@66c92293, org.springframework.test.context.support.DirtiesContextBeforeModesTestExecutionListener@332796d3, org.springframework.boot.test.mock.mockito.MockitoTestExecutionListener@4f0100a7, org.springframework.boot.test.autoconfigure.SpringBootDependencyInjectionTestExecutionListener@3cdf2c61, org.springframework.test.context.support.DirtiesContextTestExecutionListener@13ad5cd3, org.springframework.test.context.transaction.TransactionalTestExecutionListener@1c33c17b, org.springframework.test.context.jdbc.SqlScriptsTestExecutionListener@5bf0fe62, org.springframework.test.context.event.EventPublishingTestExecutionListener@1e097d59, org.springframework.boot.test.mock.mockito.ResetMocksTestExecutionListener@673be18f, org.springframework.boot.test.autoconfigure.restdocs.RestDocsTestExecutionListener@6581dc0a, org.springframework.boot.test.autoconfigure.web.client.MockRestServiceServerResetTestExecutionListener@39de3d36, org.springframework.boot.test.autoconfigure.web.servlet.MockMvcPrintOnlyOnFailureTestExecutionListener@6ce86ce1, org.springframework.boot.test.autoconfigure.web.servlet.WebDriverTestExecutionListener@54e7df6a]
00:19:01.806 [main] DEBUG org.springframework.test.annotation.ProfileValueUtils - Retrieved @ProfileValueSourceConfiguration [null] for test class [com.algaworks.algafood.CadastroRestauranteIT]
00:19:01.806 [main] DEBUG org.springframework.test.annotation.ProfileValueUtils - Retrieved ProfileValueSource type [class org.springframework.test.annotation.SystemProfileValueSource] for class [com.algaworks.algafood.CadastroRestauranteIT]
00:19:01.852 [main] DEBUG org.springframework.test.context.junit4.SpringJUnit4ClassRunner - SpringJUnit4ClassRunner constructor called with [class com.algaworks.algafood.CadastroCozinhaIT]
00:19:01.852 [main] DEBUG org.springframework.test.context.BootstrapUtils - Instantiating CacheAwareContextLoaderDelegate from class [org.springframework.test.context.cache.DefaultCacheAwareContextLoaderDelegate]
00:19:01.853 [main] DEBUG org.springframework.test.context.BootstrapUtils - Instantiating BootstrapContext using constructor [public org.springframework.test.context.support.DefaultBootstrapContext(java.lang.Class,org.springframework.test.context.CacheAwareContextLoaderDelegate)]
00:19:01.853 [main] DEBUG org.springframework.test.context.BootstrapUtils - Instantiating TestContextBootstrapper for test class [com.algaworks.algafood.CadastroCozinhaIT] from class [org.springframework.boot.test.context.SpringBootTestContextBootstrapper]
00:19:01.855 [main] INFO org.springframework.boot.test.context.SpringBootTestContextBootstrapper - Neither @ContextConfiguration nor @ContextHierarchy found for test class [com.algaworks.algafood.CadastroCozinhaIT], using SpringBootContextLoader
00:19:01.857 [main] DEBUG org.springframework.test.context.support.AbstractContextLoader - Did not detect default resource location for test class [com.algaworks.algafood.CadastroCozinhaIT]: class path resource [com/algaworks/algafood/CadastroCozinhaIT-context.xml] does not exist
00:19:01.858 [main] DEBUG org.springframework.test.context.support.AbstractContextLoader - Did not detect default resource location for test class [com.algaworks.algafood.CadastroCozinhaIT]: class path resource [com/algaworks/algafood/CadastroCozinhaITContext.groovy] does not exist
00:19:01.859 [main] INFO org.springframework.test.context.support.AbstractContextLoader - Could not detect default resource locations for test class [com.algaworks.algafood.CadastroCozinhaIT]: no resource found for suffixes {-context.xml, Context.groovy}.
00:19:01.859 [main] INFO org.springframework.test.context.support.AnnotationConfigContextLoaderUtils - Could not detect default configuration classes for test class [com.algaworks.algafood.CadastroCozinhaIT]: CadastroCozinhaIT does not declare any static, non-private, non-final, nested classes annotated with @Configuration.
00:19:01.870 [main] DEBUG org.springframework.test.context.support.ActiveProfilesUtils - Could not find an 'annotation declaring class' for annotation type [org.springframework.test.context.ActiveProfiles] and class [com.algaworks.algafood.CadastroCozinhaIT]
00:19:01.871 [main] INFO org.springframework.boot.test.context.SpringBootTestContextBootstrapper - Found @SpringBootConfiguration com.algaworks.algafood.AlgafoodApiApplication for test class com.algaworks.algafood.CadastroCozinhaIT
00:19:01.876 [main] DEBUG org.springframework.boot.test.context.SpringBootTestContextBootstrapper - @TestExecutionListeners is not present for class [com.algaworks.algafood.CadastroCozinhaIT]: using defaults.
00:19:01.876 [main] INFO org.springframework.boot.test.context.SpringBootTestContextBootstrapper - Loaded default TestExecutionListener class names from location [META-INF/spring.factories]: [org.springframework.boot.test.mock.mockito.MockitoTestExecutionListener, org.springframework.boot.test.mock.mockito.ResetMocksTestExecutionListener, org.springframework.boot.test.autoconfigure.restdocs.RestDocsTestExecutionListener, org.springframework.boot.test.autoconfigure.web.client.MockRestServiceServerResetTestExecutionListener, org.springframework.boot.test.autoconfigure.web.servlet.MockMvcPrintOnlyOnFailureTestExecutionListener, org.springframework.boot.test.autoconfigure.web.servlet.WebDriverTestExecutionListener, org.springframework.test.context.web.ServletTestExecutionListener, org.springframework.test.context.support.DirtiesContextBeforeModesTestExecutionListener, org.springframework.test.context.support.DependencyInjectionTestExecutionListener, org.springframework.test.context.support.DirtiesContextTestExecutionListener, org.springframework.test.context.transaction.TransactionalTestExecutionListener, org.springframework.test.context.jdbc.SqlScriptsTestExecutionListener, org.springframework.test.context.event.EventPublishingTestExecutionListener]
00:19:01.876 [main] INFO org.springframework.boot.test.context.SpringBootTestContextBootstrapper - Using TestExecutionListeners: [org.springframework.test.context.web.ServletTestExecutionListener@7f0d96f2, org.springframework.test.context.support.DirtiesContextBeforeModesTestExecutionListener@545b995e, org.springframework.boot.test.mock.mockito.MockitoTestExecutionListener@76a2ddf3, org.springframework.boot.test.autoconfigure.SpringBootDependencyInjectionTestExecutionListener@524f3b3a, org.springframework.test.context.support.DirtiesContextTestExecutionListener@41e68d87, org.springframework.test.context.transaction.TransactionalTestExecutionListener@49ff7d8c, org.springframework.test.context.jdbc.SqlScriptsTestExecutionListener@29526c05, org.springframework.test.context.event.EventPublishingTestExecutionListener@2ef14fe, org.springframework.boot.test.mock.mockito.ResetMocksTestExecutionListener@77102b91, org.springframework.boot.test.autoconfigure.restdocs.RestDocsTestExecutionListener@45312be2, org.springframework.boot.test.autoconfigure.web.client.MockRestServiceServerResetTestExecutionListener@7fb95505, org.springframework.boot.test.autoconfigure.web.servlet.MockMvcPrintOnlyOnFailureTestExecutionListener@58be6e8, org.springframework.boot.test.autoconfigure.web.servlet.WebDriverTestExecutionListener@7331196b]
00:19:01.876 [main] DEBUG org.springframework.test.annotation.ProfileValueUtils - Retrieved @ProfileValueSourceConfiguration [null] for test class [com.algaworks.algafood.CadastroCozinhaIT]
00:19:01.876 [main] DEBUG org.springframework.test.annotation.ProfileValueUtils - Retrieved ProfileValueSource type [class org.springframework.test.annotation.SystemProfileValueSource] for class [com.algaworks.algafood.CadastroCozinhaIT]
00:19:01.876 [main] DEBUG org.springframework.test.context.junit4.SpringJUnit4ClassRunner - SpringJUnit4ClassRunner constructor called with [class com.algaworks.algafood.CadastroRestauranteIT]
00:19:01.876 [main] DEBUG org.springframework.test.context.BootstrapUtils - Instantiating CacheAwareContextLoaderDelegate from class [org.springframework.test.context.cache.DefaultCacheAwareContextLoaderDelegate]
00:19:01.876 [main] DEBUG org.springframework.test.context.BootstrapUtils - Instantiating BootstrapContext using constructor [public org.springframework.test.context.support.DefaultBootstrapContext(java.lang.Class,org.springframework.test.context.CacheAwareContextLoaderDelegate)]
00:19:01.876 [main] DEBUG org.springframework.test.context.BootstrapUtils - Instantiating TestContextBootstrapper for test class [com.algaworks.algafood.CadastroRestauranteIT] from class [org.springframework.boot.test.context.SpringBootTestContextBootstrapper]
00:19:01.876 [main] INFO org.springframework.boot.test.context.SpringBootTestContextBootstrapper - Neither @ContextConfiguration nor @ContextHierarchy found for test class [com.algaworks.algafood.CadastroRestauranteIT], using SpringBootContextLoader
00:19:01.876 [main] DEBUG org.springframework.test.context.support.AbstractContextLoader - Did not detect default resource location for test class [com.algaworks.algafood.CadastroRestauranteIT]: class path resource [com/algaworks/algafood/CadastroRestauranteIT-context.xml] does not exist
00:19:01.876 [main] DEBUG org.springframework.test.context.support.AbstractContextLoader - Did not detect default resource location for test class [com.algaworks.algafood.CadastroRestauranteIT]: class path resource [com/algaworks/algafood/CadastroRestauranteITContext.groovy] does not exist
00:19:01.876 [main] INFO org.springframework.test.context.support.AbstractContextLoader - Could not detect default resource locations for test class [com.algaworks.algafood.CadastroRestauranteIT]: no resource found for suffixes {-context.xml, Context.groovy}.
00:19:01.876 [main] INFO org.springframework.test.context.support.AnnotationConfigContextLoaderUtils - Could not detect default configuration classes for test class [com.algaworks.algafood.CadastroRestauranteIT]: CadastroRestauranteIT does not declare any static, non-private, non-final, nested classes annotated with @Configuration.
00:19:01.892 [main] DEBUG org.springframework.test.context.support.ActiveProfilesUtils - Could not find an 'annotation declaring class' for annotation type [org.springframework.test.context.ActiveProfiles] and class [com.algaworks.algafood.CadastroRestauranteIT]
00:19:01.892 [main] INFO org.springframework.boot.test.context.SpringBootTestContextBootstrapper - Found @SpringBootConfiguration com.algaworks.algafood.AlgafoodApiApplication for test class com.algaworks.algafood.CadastroRestauranteIT
00:19:01.892 [main] DEBUG org.springframework.boot.test.context.SpringBootTestContextBootstrapper - @TestExecutionListeners is not present for class [com.algaworks.algafood.CadastroRestauranteIT]: using defaults.
00:19:01.892 [main] INFO org.springframework.boot.test.context.SpringBootTestContextBootstrapper - Loaded default TestExecutionListener class names from location [META-INF/spring.factories]: [org.springframework.boot.test.mock.mockito.MockitoTestExecutionListener, org.springframework.boot.test.mock.mockito.ResetMocksTestExecutionListener, org.springframework.boot.test.autoconfigure.restdocs.RestDocsTestExecutionListener, org.springframework.boot.test.autoconfigure.web.client.MockRestServiceServerResetTestExecutionListener, org.springframework.boot.test.autoconfigure.web.servlet.MockMvcPrintOnlyOnFailureTestExecutionListener, org.springframework.boot.test.autoconfigure.web.servlet.WebDriverTestExecutionListener, org.springframework.test.context.web.ServletTestExecutionListener, org.springframework.test.context.support.DirtiesContextBeforeModesTestExecutionListener, org.springframework.test.context.support.DependencyInjectionTestExecutionListener, org.springframework.test.context.support.DirtiesContextTestExecutionListener, org.springframework.test.context.transaction.TransactionalTestExecutionListener, org.springframework.test.context.jdbc.SqlScriptsTestExecutionListener, org.springframework.test.context.event.EventPublishingTestExecutionListener]
00:19:01.892 [main] INFO org.springframework.boot.test.context.SpringBootTestContextBootstrapper - Using TestExecutionListeners: [org.springframework.test.context.web.ServletTestExecutionListener@64a40280, org.springframework.test.context.support.DirtiesContextBeforeModesTestExecutionListener@4b40f651, org.springframework.boot.test.mock.mockito.MockitoTestExecutionListener@42b02722, org.springframework.boot.test.autoconfigure.SpringBootDependencyInjectionTestExecutionListener@d62fe5b, org.springframework.test.context.support.DirtiesContextTestExecutionListener@49964d75, org.springframework.test.context.transaction.TransactionalTestExecutionListener@528c868, org.springframework.test.context.jdbc.SqlScriptsTestExecutionListener@466276d8, org.springframework.test.context.event.EventPublishingTestExecutionListener@5ce8d869, org.springframework.boot.test.mock.mockito.ResetMocksTestExecutionListener@27eedb64, org.springframework.boot.test.autoconfigure.restdocs.RestDocsTestExecutionListener@64c63c79, org.springframework.boot.test.autoconfigure.web.client.MockRestServiceServerResetTestExecutionListener@31c7528f, org.springframework.boot.test.autoconfigure.web.servlet.MockMvcPrintOnlyOnFailureTestExecutionListener@2b76ff4e, org.springframework.boot.test.autoconfigure.web.servlet.WebDriverTestExecutionListener@7a1234bf]
00:19:01.892 [main] DEBUG org.springframework.test.annotation.ProfileValueUtils - Retrieved @ProfileValueSourceConfiguration [null] for test class [com.algaworks.algafood.CadastroRestauranteIT]
00:19:01.892 [main] DEBUG org.springframework.test.annotation.ProfileValueUtils - Retrieved ProfileValueSource type [class org.springframework.test.annotation.SystemProfileValueSource] for class [com.algaworks.algafood.CadastroRestauranteIT]
00:19:02.091 [main] DEBUG org.springframework.test.annotation.ProfileValueUtils - Retrieved @ProfileValueSourceConfiguration [null] for test class [com.algaworks.algafood.CadastroCozinhaIT]
00:19:02.091 [main] DEBUG org.springframework.test.annotation.ProfileValueUtils - Retrieved ProfileValueSource type [class org.springframework.test.annotation.SystemProfileValueSource] for class [com.algaworks.algafood.CadastroCozinhaIT]
00:19:02.091 [main] DEBUG org.springframework.test.annotation.ProfileValueUtils - Retrieved @ProfileValueSourceConfiguration [null] for test class [com.algaworks.algafood.CadastroCozinhaIT]
00:19:02.091 [main] DEBUG org.springframework.test.annotation.ProfileValueUtils - Retrieved ProfileValueSource type [class org.springframework.test.annotation.SystemProfileValueSource] for class [com.algaworks.algafood.CadastroCozinhaIT]
00:19:02.120 [main] DEBUG org.springframework.test.annotation.ProfileValueUtils - Retrieved @ProfileValueSourceConfiguration [null] for test class [com.algaworks.algafood.CadastroCozinhaIT]
00:19:02.120 [main] DEBUG org.springframework.test.annotation.ProfileValueUtils - Retrieved ProfileValueSource type [class org.springframework.test.annotation.SystemProfileValueSource] for class [com.algaworks.algafood.CadastroCozinhaIT]
00:19:02.136 [main] DEBUG org.springframework.test.context.support.AbstractDirtiesContextTestExecutionListener - Before test class: context [DefaultTestContext@1b73be9f testClass = CadastroCozinhaIT, testInstance = [null], testMethod = [null], testException = [null], mergedContextConfiguration = [WebMergedContextConfiguration@628c4ac0 testClass = CadastroCozinhaIT, locations = '{}', classes = '{class com.algaworks.algafood.AlgafoodApiApplication}', contextInitializerClasses = '[]', activeProfiles = '{}', propertySourceLocations = '{classpath:/application-test.properties}', propertySourceProperties = '{org.springframework.boot.test.context.SpringBootTestContextBootstrapper=true, server.port=0}', contextCustomizers = set[org.springframework.boot.test.context.filter.ExcludeFilterContextCustomizer@41c2284a, org.springframework.boot.test.json.DuplicateJsonObjectContextCustomizerFactory$DuplicateJsonObjectContextCustomizer@1fb700ee, org.springframework.boot.test.mock.mockito.MockitoContextCustomizer@0, org.springframework.boot.test.web.client.TestRestTemplateContextCustomizer@2892dae4, org.springframework.boot.test.autoconfigure.properties.PropertyMappingContextCustomizer@0, org.springframework.boot.test.autoconfigure.web.servlet.WebDriverContextCustomizerFactory$Customizer@2e55dd0c], resourceBasePath = 'src/main/webapp', contextLoader = 'org.springframework.boot.test.context.SpringBootContextLoader', parent = [null]], attributes = map['org.springframework.test.context.web.ServletTestExecutionListener.activateListener' -> false]], class annotated with @DirtiesContext [false] with mode [null].
00:19:02.141 [main] DEBUG org.springframework.test.annotation.ProfileValueUtils - Retrieved @ProfileValueSourceConfiguration [null] for test class [com.algaworks.algafood.CadastroCozinhaIT]
00:19:02.141 [main] DEBUG org.springframework.test.annotation.ProfileValueUtils - Retrieved ProfileValueSource type [class org.springframework.test.annotation.SystemProfileValueSource] for class [com.algaworks.algafood.CadastroCozinhaIT]
00:19:02.150 [main] DEBUG org.springframework.test.context.support.DependencyInjectionTestExecutionListener - Performing dependency injection for test context [[DefaultTestContext@1b73be9f testClass = CadastroCozinhaIT, testInstance = com.algaworks.algafood.CadastroCozinhaIT@301ec38b, testMethod = [null], testException = [null], mergedContextConfiguration = [WebMergedContextConfiguration@628c4ac0 testClass = CadastroCozinhaIT, locations = '{}', classes = '{class com.algaworks.algafood.AlgafoodApiApplication}', contextInitializerClasses = '[]', activeProfiles = '{}', propertySourceLocations = '{classpath:/application-test.properties}', propertySourceProperties = '{org.springframework.boot.test.context.SpringBootTestContextBootstrapper=true, server.port=0}', contextCustomizers = set[org.springframework.boot.test.context.filter.ExcludeFilterContextCustomizer@41c2284a, org.springframework.boot.test.json.DuplicateJsonObjectContextCustomizerFactory$DuplicateJsonObjectContextCustomizer@1fb700ee, org.springframework.boot.test.mock.mockito.MockitoContextCustomizer@0, org.springframework.boot.test.web.client.TestRestTemplateContextCustomizer@2892dae4, org.springframework.boot.test.autoconfigure.properties.PropertyMappingContextCustomizer@0, org.springframework.boot.test.autoconfigure.web.servlet.WebDriverContextCustomizerFactory$Customizer@2e55dd0c], resourceBasePath = 'src/main/webapp', contextLoader = 'org.springframework.boot.test.context.SpringBootContextLoader', parent = [null]], attributes = map['org.springframework.test.context.web.ServletTestExecutionListener.activateListener' -> false]]].
00:19:02.280 [main] DEBUG org.springframework.test.context.support.TestPropertySourceUtils - Adding inlined properties to environment: {spring.jmx.enabled=false, org.springframework.boot.test.context.SpringBootTestContextBootstrapper=true, server.port=0}

  .   ____          _            __ _ _
 /\\ / ___'_ __ _ _(_)_ __  __ _ \ \ \ \
( ( )\___ | '_ | '_| | '_ \/ _` | \ \ \ \
 \\/  ___)| |_)| | | | | || (_| |  ) ) ) )
  '  |____| .__|_| |_|_| |_\__, | / / / /
 =========|_|==============|___/=/_/_/_/
 :: Spring Boot ::        (v2.2.2.RELEASE)

2020-03-26 00:19:03.312  INFO 8360 --- [           main] c.algaworks.algafood.CadastroCozinhaIT   : Starting CadastroCozinhaIT on DESKTOP-LJ6F5O6 with PID 8360 (started by rafae in C:\Users\rafae\IdeaProjects\algafood)
2020-03-26 00:19:03.314  INFO 8360 --- [           main] c.algaworks.algafood.CadastroCozinhaIT   : No active profile set, falling back to default profiles: default
2020-03-26 00:19:11.827  INFO 8360 --- [           main] .s.d.r.c.RepositoryConfigurationDelegate : Bootstrapping Spring Data JPA repositories in DEFAULT mode.
2020-03-26 00:19:12.803  INFO 8360 --- [           main] .s.d.r.c.RepositoryConfigurationDelegate : Finished Spring Data repository scanning in 913ms. Found 10 JPA repository interfaces.
2020-03-26 00:19:15.621  INFO 8360 --- [           main] trationDelegate$BeanPostProcessorChecker : Bean 'org.springframework.transaction.annotation.ProxyTransactionManagementConfiguration' of type [org.springframework.transaction.annotation.ProxyTransactionManagementConfiguration] is not eligible for getting processed by all BeanPostProcessors (for example: not eligible for auto-proxying)
2020-03-26 00:19:15.880  INFO 8360 --- [           main] trationDelegate$BeanPostProcessorChecker : Bean 'org.springframework.hateoas.config.HateoasConfiguration' of type [org.springframework.hateoas.config.HateoasConfiguration$$EnhancerBySpringCGLIB$$905f72cf] is not eligible for getting processed by all BeanPostProcessors (for example: not eligible for auto-proxying)
2020-03-26 00:19:16.013  INFO 8360 --- [           main] trationDelegate$BeanPostProcessorChecker : Bean 'relProviderPluginRegistry' of type [org.springframework.plugin.core.support.PluginRegistryFactoryBean] is not eligible for getting processed by all BeanPostProcessors (for example: not eligible for auto-proxying)
2020-03-26 00:19:16.045  INFO 8360 --- [           main] trationDelegate$BeanPostProcessorChecker : Bean 'relProviderPluginRegistry' of type [org.springframework.plugin.core.OrderAwarePluginRegistry] is not eligible for getting processed by all BeanPostProcessors (for example: not eligible for auto-proxying)
2020-03-26 00:19:16.092  INFO 8360 --- [           main] trationDelegate$BeanPostProcessorChecker : Bean '_relProvider' of type [org.springframework.hateoas.server.core.DelegatingLinkRelationProvider] is not eligible for getting processed by all BeanPostProcessors (for example: not eligible for auto-proxying)
2020-03-26 00:19:16.169  INFO 8360 --- [           main] trationDelegate$BeanPostProcessorChecker : Bean 'messageResolver' of type [org.springframework.hateoas.mediatype.DefaultOnlyMessageResolver] is not eligible for getting processed by all BeanPostProcessors (for example: not eligible for auto-proxying)
2020-03-26 00:19:16.185  INFO 8360 --- [           main] trationDelegate$BeanPostProcessorChecker : Bean 'org.springframework.hateoas.mediatype.hal.HalMediaTypeConfiguration' of type [org.springframework.hateoas.mediatype.hal.HalMediaTypeConfiguration$$EnhancerBySpringCGLIB$$ea5401a4] is not eligible for getting processed by all BeanPostProcessors (for example: not eligible for auto-proxying)
2020-03-26 00:19:16.200  INFO 8360 --- [           main] trationDelegate$BeanPostProcessorChecker : Bean 'org.springframework.boot.autoconfigure.jackson.JacksonAutoConfiguration$JacksonObjectMapperConfiguration' of type [org.springframework.boot.autoconfigure.jackson.JacksonAutoConfiguration$JacksonObjectMapperConfiguration] is not eligible for getting processed by all BeanPostProcessors (for example: not eligible for auto-proxying)
2020-03-26 00:19:16.216  INFO 8360 --- [           main] trationDelegate$BeanPostProcessorChecker : Bean 'org.springframework.boot.autoconfigure.jackson.JacksonAutoConfiguration$JacksonObjectMapperBuilderConfiguration' of type [org.springframework.boot.autoconfigure.jackson.JacksonAutoConfiguration$JacksonObjectMapperBuilderConfiguration] is not eligible for getting processed by all BeanPostProcessors (for example: not eligible for auto-proxying)
2020-03-26 00:19:16.231  INFO 8360 --- [           main] trationDelegate$BeanPostProcessorChecker : Bean 'org.springframework.boot.autoconfigure.jackson.JacksonAutoConfiguration$Jackson2ObjectMapperBuilderCustomizerConfiguration' of type [org.springframework.boot.autoconfigure.jackson.JacksonAutoConfiguration$Jackson2ObjectMapperBuilderCustomizerConfiguration] is not eligible for getting processed by all BeanPostProcessors (for example: not eligible for auto-proxying)
2020-03-26 00:19:16.286  INFO 8360 --- [           main] trationDelegate$BeanPostProcessorChecker : Bean 'org.springframework.boot.autoconfigure.flyway.FlywayAutoConfiguration' of type [org.springframework.boot.autoconfigure.flyway.FlywayAutoConfiguration] is not eligible for getting processed by all BeanPostProcessors (for example: not eligible for auto-proxying)
2020-03-26 00:19:16.304  INFO 8360 --- [           main] trationDelegate$BeanPostProcessorChecker : Bean 'stringOrNumberMigrationVersionConverter' of type [org.springframework.boot.autoconfigure.flyway.FlywayAutoConfiguration$StringOrNumberToMigrationVersionConverter] is not eligible for getting processed by all BeanPostProcessors (for example: not eligible for auto-proxying)
2020-03-26 00:19:16.372  INFO 8360 --- [           main] trationDelegate$BeanPostProcessorChecker : Bean 'spring.jackson-org.springframework.boot.autoconfigure.jackson.JacksonProperties' of type [org.springframework.boot.autoconfigure.jackson.JacksonProperties] is not eligible for getting processed by all BeanPostProcessors (for example: not eligible for auto-proxying)
2020-03-26 00:19:16.406  INFO 8360 --- [           main] trationDelegate$BeanPostProcessorChecker : Bean 'standardJacksonObjectMapperBuilderCustomizer' of type [org.springframework.boot.autoconfigure.jackson.JacksonAutoConfiguration$Jackson2ObjectMapperBuilderCustomizerConfiguration$StandardJackson2ObjectMapperBuilderCustomizer] is not eligible for getting processed by all BeanPostProcessors (for example: not eligible for auto-proxying)
2020-03-26 00:19:16.441  INFO 8360 --- [           main] trationDelegate$BeanPostProcessorChecker : Bean 'jacksonMixinModule' of type [com.algaworks.algafood.core.jackson.JacksonMixinModule] is not eligible for getting processed by all BeanPostProcessors (for example: not eligible for auto-proxying)
2020-03-26 00:19:16.465  INFO 8360 --- [           main] trationDelegate$BeanPostProcessorChecker : Bean 'org.springframework.boot.autoconfigure.jackson.JacksonAutoConfiguration$ParameterNamesModuleConfiguration' of type [org.springframework.boot.autoconfigure.jackson.JacksonAutoConfiguration$ParameterNamesModuleConfiguration] is not eligible for getting processed by all BeanPostProcessors (for example: not eligible for auto-proxying)
2020-03-26 00:19:16.481  INFO 8360 --- [           main] trationDelegate$BeanPostProcessorChecker : Bean 'parameterNamesModule' of type [com.fasterxml.jackson.module.paramnames.ParameterNamesModule] is not eligible for getting processed by all BeanPostProcessors (for example: not eligible for auto-proxying)
2020-03-26 00:19:16.481  INFO 8360 --- [           main] trationDelegate$BeanPostProcessorChecker : Bean 'org.springframework.boot.autoconfigure.jackson.JacksonAutoConfiguration' of type [org.springframework.boot.autoconfigure.jackson.JacksonAutoConfiguration] is not eligible for getting processed by all BeanPostProcessors (for example: not eligible for auto-proxying)
2020-03-26 00:19:16.559  INFO 8360 --- [           main] trationDelegate$BeanPostProcessorChecker : Bean 'pageJsonSerializer' of type [com.algaworks.algafood.core.jackson.PageJsonSerializer] is not eligible for getting processed by all BeanPostProcessors (for example: not eligible for auto-proxying)
2020-03-26 00:19:16.575  INFO 8360 --- [           main] trationDelegate$BeanPostProcessorChecker : Bean 'jsonComponentModule' of type [org.springframework.boot.jackson.JsonComponentModule] is not eligible for getting processed by all BeanPostProcessors (for example: not eligible for auto-proxying)
2020-03-26 00:19:16.575  INFO 8360 --- [           main] trationDelegate$BeanPostProcessorChecker : Bean 'org.springframework.data.web.config.SpringDataJacksonConfiguration' of type [org.springframework.data.web.config.SpringDataJacksonConfiguration] is not eligible for getting processed by all BeanPostProcessors (for example: not eligible for auto-proxying)
2020-03-26 00:19:16.616  INFO 8360 --- [           main] trationDelegate$BeanPostProcessorChecker : Bean 'jacksonGeoModule' of type [org.springframework.data.geo.GeoModule] is not eligible for getting processed by all BeanPostProcessors (for example: not eligible for auto-proxying)
2020-03-26 00:19:16.631  INFO 8360 --- [           main] trationDelegate$BeanPostProcessorChecker : Bean 'jacksonObjectMapperBuilder' of type [org.springframework.http.converter.json.Jackson2ObjectMapperBuilder] is not eligible for getting processed by all BeanPostProcessors (for example: not eligible for auto-proxying)
2020-03-26 00:19:16.728  INFO 8360 --- [           main] trationDelegate$BeanPostProcessorChecker : Bean 'jacksonObjectMapper' of type [com.fasterxml.jackson.databind.ObjectMapper] is not eligible for getting processed by all BeanPostProcessors (for example: not eligible for auto-proxying)
2020-03-26 00:19:16.888  INFO 8360 --- [           main] trationDelegate$BeanPostProcessorChecker : Bean 'hypermediaWebMvcConverters' of type [org.springframework.hateoas.config.WebConverters] is not eligible for getting processed by all BeanPostProcessors (for example: not eligible for auto-proxying)
2020-03-26 00:19:18.755  INFO 8360 --- [           main] o.s.b.w.embedded.tomcat.TomcatWebServer  : Tomcat initialized with port(s): 0 (http)
2020-03-26 00:19:18.784  INFO 8360 --- [           main] o.apache.catalina.core.StandardService   : Starting service [Tomcat]
2020-03-26 00:19:18.784  INFO 8360 --- [           main] org.apache.catalina.core.StandardEngine  : Starting Servlet engine: [Apache Tomcat/9.0.29]
2020-03-26 00:19:19.314  INFO 8360 --- [           main] o.a.c.c.C.[Tomcat].[localhost].[/]       : Initializing Spring embedded WebApplicationContext
2020-03-26 00:19:19.314  INFO 8360 --- [           main] o.s.web.context.ContextLoader            : Root WebApplicationContext: initialization completed in 14698 ms
2020-03-26 00:19:21.437  INFO 8360 --- [           main] o.f.c.internal.license.VersionPrinter    : Flyway Community Edition 6.0.8 by Redgate
2020-03-26 00:19:21.453  INFO 8360 --- [           main] com.zaxxer.hikari.HikariDataSource       : HikariPool-1 - Starting...
2020-03-26 00:19:23.870  INFO 8360 --- [           main] com.zaxxer.hikari.HikariDataSource       : HikariPool-1 - Start completed.
2020-03-26 00:19:24.076  INFO 8360 --- [           main] o.f.c.internal.database.DatabaseFactory  : Database: jdbc:mysql://localhost/algafood_test (MySQL 8.0)
2020-03-26 00:19:24.307  INFO 8360 --- [           main] o.f.core.internal.command.DbValidate     : Successfully validated 13 migrations (execution time 00:00.169s)
2020-03-26 00:19:24.377  INFO 8360 --- [           main] o.f.c.i.s.JdbcTableSchemaHistory         : Creating Schema History table `algafood_test`.`flyway_schema_history` ...
2020-03-26 00:19:24.547  INFO 8360 --- [           main] o.f.core.internal.command.DbMigrate      : Current version of schema `algafood_test`: << Empty Schema >>
2020-03-26 00:19:24.575  INFO 8360 --- [           main] o.f.core.internal.command.DbMigrate      : Migrating schema `algafood_test` to version 001 - criacao-inicial
2020-03-26 00:19:24.646  WARN 8360 --- [           main] o.f.c.i.s.DefaultSqlScriptExecutor       : DB: 'utf8' is currently an alias for the character set UTF8MB3, but will be an alias for UTF8MB4 in a future release. Please consider using UTF8MB4 in order to be unambiguous. (SQL State: HY000 - Error Code: 3719)
2020-03-26 00:19:24.718  INFO 8360 --- [           main] o.f.core.internal.command.DbMigrate      : Migrating schema `algafood_test` to version 002 - cria-tabela-cidade
2020-03-26 00:19:24.802  WARN 8360 --- [           main] o.f.c.i.s.DefaultSqlScriptExecutor       : DB: 'utf8' is currently an alias for the character set UTF8MB3, but will be an alias for UTF8MB4 in a future release. Please consider using UTF8MB4 in order to be unambiguous. (SQL State: HY000 - Error Code: 3719)
2020-03-26 00:19:24.860  INFO 8360 --- [           main] o.f.core.internal.command.DbMigrate      : Migrating schema `algafood_test` to version 003 - cria-tabela-estado
2020-03-26 00:19:24.916  WARN 8360 --- [           main] o.f.c.i.s.DefaultSqlScriptExecutor       : DB: 'utf8' is currently an alias for the character set UTF8MB3, but will be an alias for UTF8MB4 in a future release. Please consider using UTF8MB4 in order to be unambiguous. (SQL State: HY000 - Error Code: 3719)
2020-03-26 00:19:25.359  INFO 8360 --- [           main] o.f.core.internal.command.DbMigrate      : Migrating schema `algafood_test` to version 004 - cria-varias-tabelas
2020-03-26 00:19:25.418  WARN 8360 --- [           main] o.f.c.i.s.DefaultSqlScriptExecutor       : DB: 'utf8' is currently an alias for the character set UTF8MB3, but will be an alias for UTF8MB4 in a future release. Please consider using UTF8MB4 in order to be unambiguous. (SQL State: HY000 - Error Code: 3719)
2020-03-26 00:19:25.457  WARN 8360 --- [           main] o.f.c.i.s.DefaultSqlScriptExecutor       : DB: 'utf8' is currently an alias for the character set UTF8MB3, but will be an alias for UTF8MB4 in a future release. Please consider using UTF8MB4 in order to be unambiguous. (SQL State: HY000 - Error Code: 3719)
2020-03-26 00:19:25.509  WARN 8360 --- [           main] o.f.c.i.s.DefaultSqlScriptExecutor       : DB: 'utf8' is currently an alias for the character set UTF8MB3, but will be an alias for UTF8MB4 in a future release. Please consider using UTF8MB4 in order to be unambiguous. (SQL State: HY000 - Error Code: 3719)
2020-03-26 00:19:25.558  WARN 8360 --- [           main] o.f.c.i.s.DefaultSqlScriptExecutor       : DB: 'utf8' is currently an alias for the character set UTF8MB3, but will be an alias for UTF8MB4 in a future release. Please consider using UTF8MB4 in order to be unambiguous. (SQL State: HY000 - Error Code: 3719)
2020-03-26 00:19:25.602  WARN 8360 --- [           main] o.f.c.i.s.DefaultSqlScriptExecutor       : DB: Integer display width is deprecated and will be removed in a future release. (SQL State: HY000 - Error Code: 1681)
2020-03-26 00:19:25.602  WARN 8360 --- [           main] o.f.c.i.s.DefaultSqlScriptExecutor       : DB: 'utf8' is currently an alias for the character set UTF8MB3, but will be an alias for UTF8MB4 in a future release. Please consider using UTF8MB4 in order to be unambiguous. (SQL State: HY000 - Error Code: 3719)
2020-03-26 00:19:25.649  WARN 8360 --- [           main] o.f.c.i.s.DefaultSqlScriptExecutor       : DB: 'utf8' is currently an alias for the character set UTF8MB3, but will be an alias for UTF8MB4 in a future release. Please consider using UTF8MB4 in order to be unambiguous. (SQL State: HY000 - Error Code: 3719)
2020-03-26 00:19:25.704  WARN 8360 --- [           main] o.f.c.i.s.DefaultSqlScriptExecutor       : DB: 'utf8' is currently an alias for the character set UTF8MB3, but will be an alias for UTF8MB4 in a future release. Please consider using UTF8MB4 in order to be unambiguous. (SQL State: HY000 - Error Code: 3719)
2020-03-26 00:19:25.781  WARN 8360 --- [           main] o.f.c.i.s.DefaultSqlScriptExecutor       : DB: 'utf8' is currently an alias for the character set UTF8MB3, but will be an alias for UTF8MB4 in a future release. Please consider using UTF8MB4 in order to be unambiguous. (SQL State: HY000 - Error Code: 3719)
2020-03-26 00:19:25.855  WARN 8360 --- [           main] o.f.c.i.s.DefaultSqlScriptExecutor       : DB: 'utf8' is currently an alias for the character set UTF8MB3, but will be an alias for UTF8MB4 in a future release. Please consider using UTF8MB4 in order to be unambiguous. (SQL State: HY000 - Error Code: 3719)
2020-03-26 00:19:27.486  INFO 8360 --- [           main] o.f.core.internal.command.DbMigrate      : Migrating schema `algafood_test` to version 005 - cria-tabela-teste
2020-03-26 00:19:27.526  WARN 8360 --- [           main] o.f.c.i.s.DefaultSqlScriptExecutor       : DB: 'utf8' is currently an alias for the character set UTF8MB3, but will be an alias for UTF8MB4 in a future release. Please consider using UTF8MB4 in order to be unambiguous. (SQL State: HY000 - Error Code: 3719)
2020-03-26 00:19:27.571  INFO 8360 --- [           main] o.f.core.internal.command.DbMigrate      : Migrating schema `algafood_test` to version 006 - remove-tabela-teste
2020-03-26 00:19:27.643  INFO 8360 --- [           main] o.f.core.internal.command.DbMigrate      : Migrating schema `algafood_test` to version 007 - cria-tabelas-pedido-item-pedido
2020-03-26 00:19:27.732  WARN 8360 --- [           main] o.f.c.i.s.DefaultSqlScriptExecutor       : DB: Integer display width is deprecated and will be removed in a future release. (SQL State: HY000 - Error Code: 1681)
2020-03-26 00:19:27.732  WARN 8360 --- [           main] o.f.c.i.s.DefaultSqlScriptExecutor       : DB: 'utf8' is currently an alias for the character set UTF8MB3, but will be an alias for UTF8MB4 in a future release. Please consider using UTF8MB4 in order to be unambiguous. (SQL State: HY000 - Error Code: 3719)
2020-03-26 00:19:27.803  WARN 8360 --- [           main] o.f.c.i.s.DefaultSqlScriptExecutor       : DB: Integer display width is deprecated and will be removed in a future release. (SQL State: HY000 - Error Code: 1681)
2020-03-26 00:19:27.803  WARN 8360 --- [           main] o.f.c.i.s.DefaultSqlScriptExecutor       : DB: 'utf8' is currently an alias for the character set UTF8MB3, but will be an alias for UTF8MB4 in a future release. Please consider using UTF8MB4 in order to be unambiguous. (SQL State: HY000 - Error Code: 3719)
2020-03-26 00:19:27.849  INFO 8360 --- [           main] o.f.core.internal.command.DbMigrate      : Migrating schema `algafood_test` to version 008 - cria coluna ativo restaurante
2020-03-26 00:19:27.953  WARN 8360 --- [           main] o.f.c.i.s.DefaultSqlScriptExecutor       : DB: Integer display width is deprecated and will be removed in a future release. (SQL State: HY000 - Error Code: 1681)
2020-03-26 00:19:28.007  INFO 8360 --- [           main] o.f.core.internal.command.DbMigrate      : Migrating schema `algafood_test` to version 009 - cria-coluna-aberto-restaurante
2020-03-26 00:19:28.078  WARN 8360 --- [           main] o.f.c.i.s.DefaultSqlScriptExecutor       : DB: Integer display width is deprecated and will be removed in a future release. (SQL State: HY000 - Error Code: 1681)
2020-03-26 00:19:28.128  INFO 8360 --- [           main] o.f.core.internal.command.DbMigrate      : Migrating schema `algafood_test` to version 010 - cria-tabela-restaurante-usuario-responsavel
2020-03-26 00:19:28.180  WARN 8360 --- [           main] o.f.c.i.s.DefaultSqlScriptExecutor       : DB: 'utf8' is currently an alias for the character set UTF8MB3, but will be an alias for UTF8MB4 in a future release. Please consider using UTF8MB4 in order to be unambiguous. (SQL State: HY000 - Error Code: 3719)
2020-03-26 00:19:28.476  INFO 8360 --- [           main] o.f.core.internal.command.DbMigrate      : Migrating schema `algafood_test` to version 011 - cria-coluna-codigo-pedido
2020-03-26 00:19:28.705  INFO 8360 --- [           main] o.f.core.internal.command.DbMigrate      : Migrating schema `algafood_test` to version 012 - cria-tabela-foto-produto
2020-03-26 00:19:28.756  WARN 8360 --- [           main] o.f.c.i.s.DefaultSqlScriptExecutor       : DB: 'utf8' is currently an alias for the character set UTF8MB3, but will be an alias for UTF8MB4 in a future release. Please consider using UTF8MB4 in order to be unambiguous. (SQL State: HY000 - Error Code: 3719)
2020-03-26 00:19:28.814  INFO 8360 --- [           main] o.f.core.internal.command.DbMigrate      : Migrating schema `algafood_test` to version 013 - criar-coluna-data-atualizacao-forma-pagamento
2020-03-26 00:19:29.023  INFO 8360 --- [           main] o.f.core.internal.command.DbMigrate      : Successfully applied 13 migrations to schema `algafood_test` (execution time 00:04.500s)
2020-03-26 00:19:29.064  INFO 8360 --- [           main] o.f.c.i.c.SqlScriptCallbackFactory       : Executing SQL callback: afterMigrate
2020-03-26 00:19:30.456  INFO 8360 --- [           main] o.hibernate.jpa.internal.util.LogHelper  : HHH000204: Processing PersistenceUnitInfo [name: default]
2020-03-26 00:19:30.999  INFO 8360 --- [           main] org.hibernate.Version                    : HHH000412: Hibernate Core {5.4.9.Final}
2020-03-26 00:19:31.653  INFO 8360 --- [           main] o.hibernate.annotations.common.Version   : HCANN000001: Hibernate Commons Annotations {5.1.0.Final}
2020-03-26 00:19:32.136  INFO 8360 --- [           main] org.hibernate.dialect.Dialect            : HHH000400: Using dialect: org.hibernate.dialect.MySQL57Dialect
2020-03-26 00:19:35.536  INFO 8360 --- [           main] o.h.e.t.j.p.i.JtaPlatformInitiator       : HHH000490: Using JtaPlatform implementation: [org.hibernate.engine.transaction.jta.platform.internal.NoJtaPlatform]
2020-03-26 00:19:35.561  INFO 8360 --- [           main] j.LocalContainerEntityManagerFactoryBean : Initialized JPA EntityManagerFactory for persistence unit 'default'
2020-03-26 00:19:49.926  WARN 8360 --- [           main] JpaBaseConfiguration$JpaWebConfiguration : spring.jpa.open-in-view is enabled by default. Therefore, database queries may be performed during view rendering. Explicitly configure spring.jpa.open-in-view to disable this warning
2020-03-26 00:19:51.713  INFO 8360 --- [           main] pertySourcedRequestMappingHandlerMapping : Mapped URL path [/v2/api-docs] onto method [springfox.documentation.swagger2.web.Swagger2Controller#getDocumentation(String, HttpServletRequest)]
2020-03-26 00:19:53.257  INFO 8360 --- [           main] o.s.s.concurrent.ThreadPoolTaskExecutor  : Initializing ExecutorService 'applicationTaskExecutor'
2020-03-26 00:19:54.941  INFO 8360 --- [           main] d.s.w.p.DocumentationPluginsBootstrapper : Context refreshed
2020-03-26 00:19:55.036  INFO 8360 --- [           main] d.s.w.p.DocumentationPluginsBootstrapper : Found 1 custom documentation plugin(s)
2020-03-26 00:19:55.495  INFO 8360 --- [           main] s.d.s.w.s.ApiListingReferenceScanner     : Scanning for api listing references
2020-03-26 00:19:56.620  INFO 8360 --- [           main] .d.s.w.r.o.CachingOperationNameGenerator : Generating unique operation named: adicionarUsingPOST_1
2020-03-26 00:19:56.655  INFO 8360 --- [           main] .d.s.w.r.o.CachingOperationNameGenerator : Generating unique operation named: atualizarUsingPUT_1
2020-03-26 00:19:56.668  INFO 8360 --- [           main] .d.s.w.r.o.CachingOperationNameGenerator : Generating unique operation named: buscarUsingGET_1
2020-03-26 00:19:56.795  INFO 8360 --- [           main] .d.s.w.r.o.CachingOperationNameGenerator : Generating unique operation named: listarUsingGET_1
2020-03-26 00:19:56.802  INFO 8360 --- [           main] .d.s.w.r.o.CachingOperationNameGenerator : Generating unique operation named: removerUsingDELETE_1
2020-03-26 00:19:56.825  INFO 8360 --- [           main] .d.s.w.r.o.CachingOperationNameGenerator : Generating unique operation named: adicionarUsingPOST_2
2020-03-26 00:19:56.847  INFO 8360 --- [           main] .d.s.w.r.o.CachingOperationNameGenerator : Generating unique operation named: atualizarUsingPUT_2
2020-03-26 00:19:56.859  INFO 8360 --- [           main] .d.s.w.r.o.CachingOperationNameGenerator : Generating unique operation named: buscarUsingGET_2
2020-03-26 00:19:56.882  INFO 8360 --- [           main] .d.s.w.r.o.CachingOperationNameGenerator : Generating unique operation named: listarUsingGET_2
2020-03-26 00:19:56.892  INFO 8360 --- [           main] .d.s.w.r.o.CachingOperationNameGenerator : Generating unique operation named: removerUsingDELETE_2
2020-03-26 00:19:57.118  INFO 8360 --- [           main] .d.s.w.r.o.CachingOperationNameGenerator : Generating unique operation named: adicionarUsingPOST_3
2020-03-26 00:19:57.125  INFO 8360 --- [           main] .d.s.w.r.o.CachingOperationNameGenerator : Generating unique operation named: atualizarUsingPUT_3
2020-03-26 00:19:57.137  INFO 8360 --- [           main] .d.s.w.r.o.CachingOperationNameGenerator : Generating unique operation named: buscarUsingGET_3
2020-03-26 00:19:57.158  INFO 8360 --- [           main] .d.s.w.r.o.CachingOperationNameGenerator : Generating unique operation named: listarUsingGET_3
2020-03-26 00:19:57.182  INFO 8360 --- [           main] .d.s.w.r.o.CachingOperationNameGenerator : Generating unique operation named: removerUsingDELETE_3
2020-03-26 00:19:57.215  INFO 8360 --- [           main] .d.s.w.r.o.CachingOperationNameGenerator : Generating unique operation named: adicionarUsingPOST_4
2020-03-26 00:19:57.226  INFO 8360 --- [           main] .d.s.w.r.o.CachingOperationNameGenerator : Generating unique operation named: atualizarUsingPUT_4
2020-03-26 00:19:57.290  INFO 8360 --- [           main] .d.s.w.r.o.CachingOperationNameGenerator : Generating unique operation named: buscarUsingGET_4
2020-03-26 00:19:57.306  INFO 8360 --- [           main] .d.s.w.r.o.CachingOperationNameGenerator : Generating unique operation named: listarUsingGET_4
2020-03-26 00:19:57.318  INFO 8360 --- [           main] .d.s.w.r.o.CachingOperationNameGenerator : Generating unique operation named: removerUsingDELETE_4
2020-03-26 00:19:57.372  INFO 8360 --- [           main] .d.s.w.r.o.CachingOperationNameGenerator : Generating unique operation named: listarUsingGET_5
2020-03-26 00:19:57.614  INFO 8360 --- [           main] .d.s.w.r.o.CachingOperationNameGenerator : Generating unique operation named: adicionarUsingPOST_5
2020-03-26 00:19:57.625  INFO 8360 --- [           main] .d.s.w.r.o.CachingOperationNameGenerator : Generating unique operation named: buscarUsingGET_5
2020-03-26 00:19:57.761  INFO 8360 --- [           main] .d.s.w.r.o.CachingOperationNameGenerator : Generating unique operation named: adicionarUsingPOST_6
2020-03-26 00:19:57.825  INFO 8360 --- [           main] .d.s.w.r.o.CachingOperationNameGenerator : Generating unique operation named: atualizarUsingPUT_5
2020-03-26 00:19:57.838  INFO 8360 --- [           main] .d.s.w.r.o.CachingOperationNameGenerator : Generating unique operation named: buscarUsingGET_6
2020-03-26 00:19:57.937  INFO 8360 --- [           main] .d.s.w.r.o.CachingOperationNameGenerator : Generating unique operation named: listarUsingGET_6
2020-03-26 00:19:57.986  INFO 8360 --- [           main] .d.s.w.r.o.CachingOperationNameGenerator : Generating unique operation named: associarUsingPUT_1
2020-03-26 00:19:58.002  INFO 8360 --- [           main] .d.s.w.r.o.CachingOperationNameGenerator : Generating unique operation named: desassociarUsingDELETE_1
2020-03-26 00:19:58.016  INFO 8360 --- [           main] .d.s.w.r.o.CachingOperationNameGenerator : Generating unique operation named: listarUsingGET_7
2020-03-26 00:19:58.069  INFO 8360 --- [           main] .d.s.w.r.o.CachingOperationNameGenerator : Generating unique operation named: adicionarUsingPOST_7
2020-03-26 00:19:58.079  INFO 8360 --- [           main] .d.s.w.r.o.CachingOperationNameGenerator : Generating unique operation named: atualizarUsingPUT_6
2020-03-26 00:19:58.092  INFO 8360 --- [           main] .d.s.w.r.o.CachingOperationNameGenerator : Generating unique operation named: buscarUsingGET_7
2020-03-26 00:19:58.141  INFO 8360 --- [           main] .d.s.w.r.o.CachingOperationNameGenerator : Generating unique operation named: listarUsingGET_8
2020-03-26 00:19:58.215  INFO 8360 --- [           main] .d.s.w.r.o.CachingOperationNameGenerator : Generating unique operation named: buscarUsingGET_8
2020-03-26 00:19:58.255  INFO 8360 --- [           main] .d.s.w.r.o.CachingOperationNameGenerator : Generating unique operation named: associarUsingPUT_2
2020-03-26 00:19:58.297  INFO 8360 --- [           main] .d.s.w.r.o.CachingOperationNameGenerator : Generating unique operation named: desassociarUsingDELETE_2
2020-03-26 00:19:58.311  INFO 8360 --- [           main] .d.s.w.r.o.CachingOperationNameGenerator : Generating unique operation named: listarUsingGET_9
2020-03-26 00:19:58.329  INFO 8360 --- [           main] .d.s.w.r.o.CachingOperationNameGenerator : Generating unique operation named: adicionarUsingPOST_8
2020-03-26 00:19:58.425  INFO 8360 --- [           main] .d.s.w.r.o.CachingOperationNameGenerator : Generating unique operation named: atualizarUsingPUT_7
2020-03-26 00:19:58.432  INFO 8360 --- [           main] .d.s.w.r.o.CachingOperationNameGenerator : Generating unique operation named: buscarUsingGET_9
2020-03-26 00:19:58.437  INFO 8360 --- [           main] .d.s.w.r.o.CachingOperationNameGenerator : Generating unique operation named: listarUsingGET_10
2020-03-26 00:19:58.445  INFO 8360 --- [           main] .d.s.w.r.o.CachingOperationNameGenerator : Generating unique operation named: associarUsingPUT_3
2020-03-26 00:19:58.489  INFO 8360 --- [           main] .d.s.w.r.o.CachingOperationNameGenerator : Generating unique operation named: desassociarUsingDELETE_3
2020-03-26 00:19:58.502  INFO 8360 --- [           main] .d.s.w.r.o.CachingOperationNameGenerator : Generating unique operation named: listarUsingGET_11
2020-03-26 00:19:58.934  INFO 8360 --- [           main] o.s.b.w.embedded.tomcat.TomcatWebServer  : Tomcat started on port(s): 55230 (http) with context path ''
2020-03-26 00:19:58.938  INFO 8360 --- [           main] c.algaworks.algafood.CadastroCozinhaIT   : Started CadastroCozinhaIT in 56.65 seconds (JVM running for 61.929)
Hibernate: insert into cozinha (nome) values (?)
Hibernate: insert into cozinha (nome) values (?)
Hibernate: select count(*) as col_0_0_ from cozinha cozinha0_
2020-03-26 00:20:04.520  INFO 8360 --- [o-auto-1-exec-1] o.a.c.c.C.[Tomcat].[localhost].[/]       : Initializing Spring DispatcherServlet 'dispatcherServlet'
2020-03-26 00:20:04.522  INFO 8360 --- [o-auto-1-exec-1] o.s.web.servlet.DispatcherServlet        : Initializing Servlet 'dispatcherServlet'
2020-03-26 00:20:04.589  INFO 8360 --- [o-auto-1-exec-1] o.s.web.servlet.DispatcherServlet        : Completed initialization in 67 ms
Hibernate: select cozinha0_.id as id1_1_, cozinha0_.nome as nome2_1_ from cozinha cozinha0_ limit ?
Request method:	GET
Request URI:	http://localhost:55230/cozinhas
Proxy:			<none>
Request params:	<none>
Query params:	<none>
Form params:	<none>
Path params:	<none>
Headers:		Accept=application/json, application/javascript, text/javascript, text/json
Cookies:		<none>
Multiparts:		<none>
Body:			<none>

HTTP/1.1 200 
Vary: Origin
Vary: Access-Control-Request-Method
Vary: Access-Control-Request-Headers
ETag: "0ba122b26b70acab9d39b5789e7f938a8"
Content-Type: application/json
Content-Length: 458
Date: Thu, 26 Mar 2020 03:20:05 GMT
Keep-Alive: timeout=60
Connection: keep-alive

{
    "_embedded": {
        "cozinhas": [
            {
                "id": 1,
                "nome": "Tailandesa",
                "_links": {
                    "self": {
                        "href": "http://localhost:55230/cozinhas/1"
                    },
                    "cozinhas": {
                        "href": "http://localhost:55230/cozinhas"
                    }
                }
            },
            {
                "id": 2,
                "nome": "Americana",
                "_links": {
                    "self": {
                        "href": "http://localhost:55230/cozinhas/2"
                    },
                    "cozinhas": {
                        "href": "http://localhost:55230/cozinhas"
                    }
                }
            }
        ]
    },
    "_links": {
        "self": {
            "href": "http://localhost:55230/cozinhas?page=0&size=10"
        }
    },
    "page": {
        "size": 10,
        "totalElements": 2,
        "totalPages": 1,
        "number": 0
    }
}
]]></system-out>
  </testcase>
  <testcase name="deveRetornarRespostaEStatusCorretos_QuandoConsultarCozinhaExistente" classname="com.algaworks.algafood.CadastroCozinhaIT" time="2.324"/>
  <testcase name="deveRetornarStatus200_QuandoConsultarCozinhas" classname="com.algaworks.algafood.CadastroCozinhaIT" time="1.236"/>
  <testcase name="deveRetornarStatus404_QuandoConsultarCozinhaInexistente" classname="com.algaworks.algafood.CadastroCozinhaIT" time="1.247"/>
  <testcase name="deveRetornarStatus201_QuandoCadastrarCozinha" classname="com.algaworks.algafood.CadastroCozinhaIT" time="1.529"/>
</testsuite>