-------------------------------------------------------------------------------
Test set: com.algaworks.algafood.CadastroCozinhaIT
-------------------------------------------------------------------------------
Tests run: 5, Failures: 1, Errors: 0, Skipped: 0, Time elapsed: 66.511 s <<< FAILURE! - in com.algaworks.algafood.CadastroCozinhaIT
deveRetornarQuantidadeCorretaDeCozinhas_QuandoConsultarCozinhas  Time elapsed: 6.287 s  <<< FAILURE!
java.lang.AssertionError: 
1 expectation failed.
JSON path  doesn't match.
Expected: a collection with size <2>
  Actual: {_embedded={cozinhas=[{_links={cozinhas={href=http://localhost:55230/cozinhas}, self={href=http://localhost:55230/cozinhas/1}}, nome=Tailandesa, id=1}, {_links={cozinhas={href=http://localhost:55230/cozinhas}, self={href=http://localhost:55230/cozinhas/2}}, nome=Americana, id=2}]}, _links={self={href=http://localhost:55230/cozinhas?page=0&size=10}}, page={number=0, size=10, totalPages=1, totalElements=2}}

	at com.algaworks.algafood.CadastroCozinhaIT.deveRetornarQuantidadeCorretaDeCozinhas_QuandoConsultarCozinhas(CadastroCozinhaIT.java:72)

